2024/07/15 18:56:41 INFO: Adding new job [groupId 66953bc09e03ac259e248657 endpointId 1 interval */5 * * * *]
2024/07/15 18:56:41 INFO: Job added successfully [groupId 66953bc09e03ac259e248657 endpointId 1 entryId 1]
2024/07/15 18:56:41 INFO: Adding new job [groupId 66953bc09e03ac259e248657 endpointId c13392da-26b8-4cde-a605-1c213aadd0c7 interval */5 * * * *]
2024/07/15 18:56:41 INFO: Job added successfully [groupId 66953bc09e03ac259e248657 endpointId c13392da-26b8-4cde-a605-1c213aadd0c7 entryId 2]
2024/07/15 19:00:00 INFO: Starting job execution [groupId 66953bc09e03ac259e248657 endpointId c13392da-26b8-4cde-a605-1c213aadd0c7]
2024/07/15 19:00:00 INFO: Starting job execution [groupId 66953bc09e03ac259e248657 endpointId 1]
2024/07/15 19:00:08 INFO: Job ran successfully [groupId 66953bc09e03ac259e248657 endpointId c13392da-26b8-4cde-a605-1c213aadd0c7]
2024/07/15 19:00:32 INFO: Job ran successfully [groupId 66953bc09e03ac259e248657 endpointId 1]
2024/07/15 19:05:00 INFO: Starting job execution [groupId 66953bc09e03ac259e248657 endpointId c13392da-26b8-4cde-a605-1c213aadd0c7]
2024/07/15 19:05:00 INFO: Starting job execution [groupId 66953bc09e03ac259e248657 endpointId 1]
2024/07/15 19:05:09 INFO: Job ran successfully [groupId 66953bc09e03ac259e248657 endpointId c13392da-26b8-4cde-a605-1c213aadd0c7]
2024/07/15 19:05:33 INFO: Job ran successfully [groupId 66953bc09e03ac259e248657 endpointId 1]
2024/07/15 19:10:00 INFO: Starting job execution [groupId 66953bc09e03ac259e248657 endpointId 1]
2024/07/15 19:10:00 INFO: Starting job execution [groupId 66953bc09e03ac259e248657 endpointId c13392da-26b8-4cde-a605-1c213aadd0c7]
2024/07/15 19:10:07 INFO: Job ran successfully [groupId 66953bc09e03ac259e248657 endpointId c13392da-26b8-4cde-a605-1c213aadd0c7]
2024/07/15 19:10:33 INFO: Job ran successfully [groupId 66953bc09e03ac259e248657 endpointId 1]
2024/07/15 19:15:00 INFO: Starting job execution [groupId 66953bc09e03ac259e248657 endpointId c13392da-26b8-4cde-a605-1c213aadd0c7]
2024/07/15 19:15:00 INFO: Starting job execution [groupId 66953bc09e03ac259e248657 endpointId 1]
2024/07/15 19:15:07 INFO: Job ran successfully [groupId 66953bc09e03ac259e248657 endpointId c13392da-26b8-4cde-a605-1c213aadd0c7]
2024/07/15 19:15:32 INFO: Job ran successfully [groupId 66953bc09e03ac259e248657 endpointId 1]
2024/07/15 19:20:00 INFO: Starting job execution [groupId 66953bc09e03ac259e248657 endpointId c13392da-26b8-4cde-a605-1c213aadd0c7]
2024/07/15 19:20:00 INFO: Starting job execution [groupId 66953bc09e03ac259e248657 endpointId 1]
2024/07/15 19:20:08 INFO: Job ran successfully [groupId 66953bc09e03ac259e248657 endpointId c13392da-26b8-4cde-a605-1c213aadd0c7]
2024/07/15 19:20:32 INFO: Job ran successfully [groupId 66953bc09e03ac259e248657 endpointId 1]
2024/07/15 19:25:00 INFO: Starting job execution [groupId 66953bc09e03ac259e248657 endpointId 1]
2024/07/15 19:25:00 INFO: Starting job execution [groupId 66953bc09e03ac259e248657 endpointId c13392da-26b8-4cde-a605-1c213aadd0c7]
2024/07/15 19:25:08 INFO: Job ran successfully [groupId 66953bc09e03ac259e248657 endpointId c13392da-26b8-4cde-a605-1c213aadd0c7]
2024/07/15 19:25:32 INFO: Job ran successfully [groupId 66953bc09e03ac259e248657 endpointId 1]
2024/07/15 19:30:00 INFO: Starting job execution [groupId 66953bc09e03ac259e248657 endpointId c13392da-26b8-4cde-a605-1c213aadd0c7]
2024/07/15 19:30:00 INFO: Starting job execution [groupId 66953bc09e03ac259e248657 endpointId 1]
2024/07/15 19:30:07 INFO: Job ran successfully [groupId 66953bc09e03ac259e248657 endpointId c13392da-26b8-4cde-a605-1c213aadd0c7]
2024/07/15 19:30:32 INFO: Job ran successfully [groupId 66953bc09e03ac259e248657 endpointId 1]
2024/07/15 19:35:00 INFO: Starting job execution [groupId 66953bc09e03ac259e248657 endpointId c13392da-26b8-4cde-a605-1c213aadd0c7]
2024/07/15 19:35:00 INFO: Starting job execution [groupId 66953bc09e03ac259e248657 endpointId 1]
2024/07/15 19:35:07 INFO: Job ran successfully [groupId 66953bc09e03ac259e248657 endpointId c13392da-26b8-4cde-a605-1c213aadd0c7]
2024/07/15 19:35:31 INFO: Job ran successfully [groupId 66953bc09e03ac259e248657 endpointId 1]
2024/07/15 19:40:00 INFO: Starting job execution [groupId 66953bc09e03ac259e248657 endpointId c13392da-26b8-4cde-a605-1c213aadd0c7]
2024/07/15 19:40:00 INFO: Starting job execution [groupId 66953bc09e03ac259e248657 endpointId 1]
2024/07/15 19:40:07 INFO: Job ran successfully [groupId 66953bc09e03ac259e248657 endpointId c13392da-26b8-4cde-a605-1c213aadd0c7]
2024/07/15 19:40:34 INFO: Job ran successfully [groupId 66953bc09e03ac259e248657 endpointId 1]
2024/07/15 19:45:00 INFO: Starting job execution [groupId 66953bc09e03ac259e248657 endpointId 1]
2024/07/15 19:45:00 INFO: Starting job execution [groupId 66953bc09e03ac259e248657 endpointId c13392da-26b8-4cde-a605-1c213aadd0c7]
2024/07/15 19:45:07 INFO: Job ran successfully [groupId 66953bc09e03ac259e248657 endpointId c13392da-26b8-4cde-a605-1c213aadd0c7]
2024/07/15 19:45:35 INFO: Job ran successfully [groupId 66953bc09e03ac259e248657 endpointId 1]
2024/07/15 19:50:00 INFO: Starting job execution [groupId 66953bc09e03ac259e248657 endpointId c13392da-26b8-4cde-a605-1c213aadd0c7]
2024/07/15 19:50:00 INFO: Starting job execution [groupId 66953bc09e03ac259e248657 endpointId 1]
2024/07/15 19:50:07 INFO: Job ran successfully [groupId 66953bc09e03ac259e248657 endpointId c13392da-26b8-4cde-a605-1c213aadd0c7]
2024/07/15 19:50:31 INFO: Job ran successfully [groupId 66953bc09e03ac259e248657 endpointId 1]
2024/07/15 19:55:00 INFO: Starting job execution [groupId 66953bc09e03ac259e248657 endpointId 1]
2024/07/15 19:55:00 INFO: Starting job execution [groupId 66953bc09e03ac259e248657 endpointId c13392da-26b8-4cde-a605-1c213aadd0c7]
2024/07/15 19:55:07 INFO: Job ran successfully [groupId 66953bc09e03ac259e248657 endpointId c13392da-26b8-4cde-a605-1c213aadd0c7]
2024/07/15 19:55:29 INFO: Job ran successfully [groupId 66953bc09e03ac259e248657 endpointId 1]
2024/07/15 20:00:00 INFO: Starting job execution [groupId 66953bc09e03ac259e248657 endpointId c13392da-26b8-4cde-a605-1c213aadd0c7]
2024/07/15 20:00:00 INFO: Starting job execution [groupId 66953bc09e03ac259e248657 endpointId 1]
2024/07/15 20:00:08 INFO: Job ran successfully [groupId 66953bc09e03ac259e248657 endpointId c13392da-26b8-4cde-a605-1c213aadd0c7]
2024/07/15 20:00:32 INFO: Job ran successfully [groupId 66953bc09e03ac259e248657 endpointId 1]
2024/07/15 20:05:00 INFO: Starting job execution [groupId 66953bc09e03ac259e248657 endpointId 1]
2024/07/15 20:05:00 INFO: Starting job execution [groupId 66953bc09e03ac259e248657 endpointId c13392da-26b8-4cde-a605-1c213aadd0c7]
2024/07/15 20:05:07 INFO: Job ran successfully [groupId 66953bc09e03ac259e248657 endpointId c13392da-26b8-4cde-a605-1c213aadd0c7]
2024/07/15 20:05:32 INFO: Job ran successfully [groupId 66953bc09e03ac259e248657 endpointId 1]
2024/07/15 20:10:00 INFO: Starting job execution [groupId 66953bc09e03ac259e248657 endpointId c13392da-26b8-4cde-a605-1c213aadd0c7]
2024/07/15 20:10:00 INFO: Starting job execution [groupId 66953bc09e03ac259e248657 endpointId 1]
2024/07/15 20:10:07 INFO: Job ran successfully [groupId 66953bc09e03ac259e248657 endpointId c13392da-26b8-4cde-a605-1c213aadd0c7]
2024/07/15 20:10:34 INFO: Job ran successfully [groupId 66953bc09e03ac259e248657 endpointId 1]
2024/07/15 20:15:00 INFO: Starting job execution [groupId 66953bc09e03ac259e248657 endpointId c13392da-26b8-4cde-a605-1c213aadd0c7]
2024/07/15 20:15:00 INFO: Starting job execution [groupId 66953bc09e03ac259e248657 endpointId 1]
2024/07/15 20:15:07 INFO: Job ran successfully [groupId 66953bc09e03ac259e248657 endpointId c13392da-26b8-4cde-a605-1c213aadd0c7]
2024/07/15 20:15:31 INFO: Job ran successfully [groupId 66953bc09e03ac259e248657 endpointId 1]
2024/07/15 20:20:00 INFO: Starting job execution [groupId 66953bc09e03ac259e248657 endpointId c13392da-26b8-4cde-a605-1c213aadd0c7]
2024/07/15 20:20:00 INFO: Starting job execution [groupId 66953bc09e03ac259e248657 endpointId 1]
2024/07/15 20:20:08 INFO: Job ran successfully [groupId 66953bc09e03ac259e248657 endpointId c13392da-26b8-4cde-a605-1c213aadd0c7]
2024/07/15 20:20:30 INFO: Job ran successfully [groupId 66953bc09e03ac259e248657 endpointId 1]
2024/07/15 20:25:00 INFO: Starting job execution [groupId 66953bc09e03ac259e248657 endpointId c13392da-26b8-4cde-a605-1c213aadd0c7]
2024/07/15 20:25:00 INFO: Starting job execution [groupId 66953bc09e03ac259e248657 endpointId 1]
2024/07/15 20:25:00 INFO: Job ran successfully [groupId 66953bc09e03ac259e248657 endpointId c13392da-26b8-4cde-a605-1c213aadd0c7]
2024/07/15 20:25:35 INFO: Job ran successfully [groupId 66953bc09e03ac259e248657 endpointId 1]
2024/07/15 20:25:44 INFO: Job destroyed [groupId 66953bc09e03ac259e248657 endpointId 1]
